<?xml version="1.0" encoding="UTF-8"?>
<testng-results skipped="0" failed="0" ignored="0" total="1" passed="1">
  <reporter-output>
  </reporter-output>
  <suite name="Default suite" duration-ms="23792" started-at="2020-11-30T06:19:01Z" finished-at="2020-11-30T06:19:25Z">
    <groups>
    </groups>
    <test name="Default test" duration-ms="23792" started-at="2020-11-30T06:19:01Z" finished-at="2020-11-30T06:19:25Z">
      <class name="Test.DemoA">
        <test-method status="PASS" signature="testA()[pri:0, instance:Test.DemoA@59f99ea]" name="testA" duration-ms="23730" started-at="2020-11-30T06:19:01Z" finished-at="2020-11-30T06:19:25Z">
          <reporter-output>
          </reporter-output>
        </test-method> <!-- testA -->
      </class> <!-- Test.DemoA -->
    </test> <!-- Default test -->
  </suite> <!-- Default suite -->
</testng-results>
